<?xml version="1.0" encoding="UTF-8"?>
<coverage generated="1723670065757" clover="3.2.0">
  <project timestamp="1723670065757" name="All files">
    <metrics statements="22" coveredstatements="22" conditionals="6" coveredconditionals="4" methods="13" coveredmethods="13" elements="41" coveredelements="39" complexity="0" loc="22" ncloc="22" packages="2" files="4" classes="4"/>
    <package name="src">
      <metrics statements="13" coveredstatements="13" conditionals="4" coveredconditionals="3" methods="8" coveredmethods="8"/>
      <file name="App.tsx" path="C:/Users/ida_c/OneDrive/Skrivbord/testning2.0/src/App.tsx">
        <metrics statements="13" coveredstatements="13" conditionals="4" coveredconditionals="3" methods="8" coveredmethods="8"/>
        <line num="13" count="16" type="stmt"/>
        <line num="16" count="16" type="stmt"/>
        <line num="17" count="8" type="stmt"/>
        <line num="19" count="8" type="stmt"/>
        <line num="23" count="16" type="stmt"/>
        <line num="24" count="1" type="stmt"/>
        <line num="25" count="1" type="cond" truecount="1" falsecount="1"/>
        <line num="27" count="1" type="stmt"/>
        <line num="31" count="16" type="stmt"/>
        <line num="32" count="1" type="stmt"/>
        <line num="33" count="1" type="stmt"/>
        <line num="55" count="1" type="stmt"/>
        <line num="65" count="1" type="stmt"/>
      </file>
    </package>
    <package name="src.components">
      <metrics statements="9" coveredstatements="9" conditionals="2" coveredconditionals="1" methods="5" coveredmethods="5"/>
      <file name="DeleteButton.tsx" path="C:/Users/ida_c/OneDrive/Skrivbord/testning2.0/src/components/DeleteButton.tsx">
        <metrics statements="1" coveredstatements="1" conditionals="0" coveredconditionals="0" methods="1" coveredmethods="1"/>
        <line num="7" count="2" type="stmt"/>
      </file>
      <file name="Header.tsx" path="C:/Users/ida_c/OneDrive/Skrivbord/testning2.0/src/components/Header.tsx">
        <metrics statements="1" coveredstatements="1" conditionals="0" coveredconditionals="0" methods="1" coveredmethods="1"/>
        <line num="2" count="18" type="stmt"/>
      </file>
      <file name="TodoForm.tsx" path="C:/Users/ida_c/OneDrive/Skrivbord/testning2.0/src/components/TodoForm.tsx">
        <metrics statements="7" coveredstatements="7" conditionals="2" coveredconditionals="1" methods="3" coveredmethods="3"/>
        <line num="9" count="28" type="stmt"/>
        <line num="11" count="28" type="stmt"/>
        <line num="12" count="9" type="stmt"/>
        <line num="13" count="9" type="cond" truecount="1" falsecount="1"/>
        <line num="15" count="9" type="stmt"/>
        <line num="16" count="9" type="stmt"/>
        <line num="26" count="9" type="stmt"/>
      </file>
    </package>
  </project>
</coverage>
