<?xml version="1.0" encoding="UTF-8"?>
<coverage generated="1723484467231" clover="3.2.0">
  <project timestamp="1723484467231" name="All files">
    <metrics statements="18" coveredstatements="14" conditionals="4" coveredconditionals="1" methods="11" coveredmethods="8" elements="33" coveredelements="23" complexity="0" loc="18" ncloc="18" packages="2" files="2" classes="2"/>
    <package name="src">
      <metrics statements="13" coveredstatements="9" conditionals="4" coveredconditionals="1" methods="8" coveredmethods="5"/>
      <file name="App.tsx" path="C:/Users/ida_c/OneDrive/Skrivbord/testning/src/App.tsx">
        <metrics statements="13" coveredstatements="9" conditionals="4" coveredconditionals="1" methods="8" coveredmethods="5"/>
        <line num="11" count="9" type="stmt"/>
        <line num="14" count="9" type="stmt"/>
        <line num="15" count="4" type="stmt"/>
        <line num="16" count="4" type="stmt"/>
        <line num="20" count="9" type="stmt"/>
        <line num="21" count="0" type="stmt"/>
        <line num="22" count="0" type="cond" truecount="0" falsecount="2"/>
        <line num="24" count="0" type="stmt"/>
        <line num="28" count="9" type="stmt"/>
        <line num="29" count="1" type="stmt"/>
        <line num="30" count="1" type="stmt"/>
        <line num="52" count="0" type="stmt"/>
        <line num="62" count="1" type="stmt"/>
      </file>
    </package>
    <package name="src.components">
      <metrics statements="5" coveredstatements="5" conditionals="0" coveredconditionals="0" methods="3" coveredmethods="3"/>
      <file name="TodoForm.tsx" path="C:/Users/ida_c/OneDrive/Skrivbord/testning/src/components/TodoForm.tsx">
        <metrics statements="5" coveredstatements="5" conditionals="0" coveredconditionals="0" methods="3" coveredmethods="3"/>
        <line num="9" count="13" type="stmt"/>
        <line num="11" count="13" type="stmt"/>
        <line num="12" count="4" type="stmt"/>
        <line num="13" count="4" type="stmt"/>
        <line num="22" count="4" type="stmt"/>
      </file>
    </package>
  </project>
</coverage>
