{"C:/Users/ida_c/OneDrive/Skrivbord/testning2.0/src/App.tsx": {"path":"C:/Users/ida_c/OneDrive/Skrivbord/testning2.0/src/App.tsx","statementMap":{"0":{"start":{"line":11,"column":28},"end":{"line":11,"column":null}},"1":{"start":{"line":14,"column":18},"end":{"line":17,"column":null}},"2":{"start":{"line":15,"column":20},"end":{"line":15,"column":null}},"3":{"start":{"line":16,"column":4},"end":{"line":16,"column":null}},"4":{"start":{"line":20,"column":25},"end":{"line":25,"column":null}},"5":{"start":{"line":21,"column":25},"end":{"line":22,"column":null}},"6":{"start":{"line":22,"column":6},"end":{"line":22,"column":null}},"7":{"start":{"line":24,"column":4},"end":{"line":24,"column":null}},"8":{"start":{"line":28,"column":21},"end":{"line":31,"column":null}},"9":{"start":{"line":29,"column":25},"end":{"line":29,"column":null}},"10":{"start":{"line":29,"column":48},"end":{"line":29,"column":null}},"11":{"start":{"line":30,"column":4},"end":{"line":30,"column":null}},"12":{"start":{"line":52,"column":30},"end":{"line":52,"column":null}},"13":{"start":{"line":63,"column":35},"end":{"line":63,"column":54}}},"fnMap":{"0":{"name":"App","decl":{"start":{"line":10,"column":9},"end":{"line":10,"column":null}},"loc":{"start":{"line":10,"column":9},"end":{"line":71,"column":null}}},"1":{"name":"(anonymous_1)","decl":{"start":{"line":14,"column":18},"end":{"line":14,"column":19}},"loc":{"start":{"line":14,"column":19},"end":{"line":17,"column":null}}},"2":{"name":"(anonymous_2)","decl":{"start":{"line":20,"column":25},"end":{"line":20,"column":26}},"loc":{"start":{"line":20,"column":26},"end":{"line":25,"column":null}}},"3":{"name":"(anonymous_3)","decl":{"start":{"line":21,"column":35},"end":{"line":21,"column":36}},"loc":{"start":{"line":22,"column":6},"end":{"line":22,"column":null}}},"4":{"name":"(anonymous_4)","decl":{"start":{"line":28,"column":21},"end":{"line":28,"column":22}},"loc":{"start":{"line":28,"column":22},"end":{"line":31,"column":null}}},"5":{"name":"(anonymous_5)","decl":{"start":{"line":29,"column":38},"end":{"line":29,"column":39}},"loc":{"start":{"line":29,"column":48},"end":{"line":29,"column":null}}},"6":{"name":"(anonymous_7)","decl":{"start":{"line":52,"column":24},"end":{"line":52,"column":30}},"loc":{"start":{"line":52,"column":30},"end":{"line":52,"column":null}}},"7":{"name":"(anonymous_8)","decl":{"start":{"line":63,"column":29},"end":{"line":63,"column":35}},"loc":{"start":{"line":63,"column":35},"end":{"line":63,"column":54}}}},"branchMap":{"0":{"loc":{"start":{"line":22,"column":6},"end":{"line":22,"column":null}},"type":"cond-expr","locations":[{"start":{"line":22,"column":20},"end":{"line":22,"column":66}},{"start":{"line":22,"column":66},"end":{"line":22,"column":null}}]},"1":{"loc":{"start":{"line":56,"column":32},"end":{"line":56,"column":null}},"type":"cond-expr","locations":[{"start":{"line":56,"column":51},"end":{"line":56,"column":68}},{"start":{"line":56,"column":68},"end":{"line":56,"column":null}}]}},"s":{"0":12,"1":12,"2":5,"3":5,"4":12,"5":1,"6":1,"7":1,"8":12,"9":1,"10":1,"11":1,"12":1,"13":1},"f":{"0":12,"1":5,"2":1,"3":1,"4":1,"5":1,"6":1,"7":1},"b":{"0":[1,0],"1":[1,6]}}
,"C:/Users/ida_c/OneDrive/Skrivbord/testning2.0/src/components/TodoForm.tsx": {"path":"C:/Users/ida_c/OneDrive/Skrivbord/testning2.0/src/components/TodoForm.tsx","statementMap":{"0":{"start":{"line":9,"column":26},"end":{"line":9,"column":null}},"1":{"start":{"line":11,"column":23},"end":{"line":14,"column":null}},"2":{"start":{"line":12,"column":4},"end":{"line":12,"column":null}},"3":{"start":{"line":13,"column":4},"end":{"line":13,"column":null}},"4":{"start":{"line":22,"column":25},"end":{"line":22,"column":null}}},"fnMap":{"0":{"name":"TodoForm","decl":{"start":{"line":8,"column":9},"end":{"line":8,"column":18}},"loc":{"start":{"line":8,"column":30},"end":{"line":27,"column":null}}},"1":{"name":"(anonymous_1)","decl":{"start":{"line":11,"column":23},"end":{"line":11,"column":24}},"loc":{"start":{"line":11,"column":24},"end":{"line":14,"column":null}}},"2":{"name":"(anonymous_2)","decl":{"start":{"line":22,"column":18},"end":{"line":22,"column":19}},"loc":{"start":{"line":22,"column":25},"end":{"line":22,"column":null}}}},"branchMap":{},"s":{"0":20,"1":20,"2":6,"3":6,"4":6},"f":{"0":20,"1":6,"2":6},"b":{}}
}
